<?xml version="1.0" encoding="UTF-8"?>
<!-- Generated by org.testng.reporters.JUnitReportReporter -->
<testsuite skipped="0" hostname="LAPTOP-1JDHC0U4" name="Test.Test02" tests="4" failures="0" timestamp="11 Sep 2025 12:04:49 GMT" time="10.574" errors="0">
  <testcase name="vertify_login_page" time="0.952" classname="Test.Test02"/>
  <testcase name="vertify_login" time="4.682" classname="Test.Test02"/>
  <testcase name="vertify_login" time="4.459" classname="Test.Test02"/>
  <testcase name="vertify_invalid_email" time="0.481" classname="Test.Test02"/>
</testsuite> <!-- Test.Test02 -->
