<?xml version="1.0" encoding="UTF-8"?>
<!-- Generated by org.testng.reporters.JUnitReportReporter -->
<testsuite skipped="0" hostname="LAPTOP-1JDHC0U4" name="org.example.Test.Test02" tests="3" failures="0" timestamp="07 Sep 2025 12:50:17 GMT" time="9.296" errors="0">
  <testcase name="vertify_login_page" time="0.886" classname="org.example.Test.Test02"/>
  <testcase name="vertify_login" time="4.223" classname="org.example.Test.Test02"/>
  <testcase name="vertify_login" time="4.187" classname="org.example.Test.Test02"/>
</testsuite> <!-- org.example.Test.Test02 -->
