<?xml version="1.0" encoding="UTF-8"?>
<!-- Generated by org.testng.reporters.JUnitReportReporter -->
<testsuite skipped="0" hostname="LAPTOP-1JDHC0U4" name="runner.TestNGRunner" tests="1" failures="0" timestamp="10 Sep 2025 13:00:54 GMT" time="4.073" errors="0">
  <testcase name="runScenario" time="4.073" classname="runner.TestNGRunner"/>
</testsuite> <!-- runner.TestNGRunner -->
