<?xml version="1.0" encoding="UTF-8"?>
<!-- Generated by org.testng.reporters.JUnitReportReporter -->
<testsuite skipped="0" hostname="LAPTOP-1JDHC0U4" name="Test.Test01" tests="3" failures="0" timestamp="10 Sep 2025 13:00:54 GMT" time="1.945" errors="0">
  <testcase name="vertify_title" time="0.168" classname="Test.Test01"/>
  <testcase name="vertify_email" time="0.102" classname="Test.Test01"/>
  <testcase name="click_scribe" time="1.675" classname="Test.Test01"/>
</testsuite> <!-- Test.Test01 -->
