<?xml version="1.0" encoding="UTF-8"?>
<!-- Generated by org.testng.reporters.JUnitReportReporter -->
<testsuite skipped="0" hostname="LAPTOP-1JDHC0U4" name="org.example.Test.Test02" tests="3" failures="0" timestamp="07 Sep 2025 13:14:35 GMT" time="9.340" errors="0">
  <testcase name="vertify_login_page" time="0.887" classname="org.example.Test.Test02"/>
  <testcase name="vertify_login" time="4.391" classname="org.example.Test.Test02"/>
  <testcase name="vertify_login" time="4.062" classname="org.example.Test.Test02"/>
</testsuite> <!-- org.example.Test.Test02 -->
