<?xml version="1.0" encoding="UTF-8"?>
<!-- Generated by org.testng.reporters.JUnitReportReporter -->
<testsuite skipped="0" hostname="LAPTOP-1JDHC0U4" name="Test.Test02" tests="3" failures="0" timestamp="08 Sep 2025 13:37:14 GMT" time="10.407" errors="0">
  <testcase name="vertify_login_page" time="1.041" classname="Test.Test02"/>
  <testcase name="vertify_login" time="3.872" classname="Test.Test02"/>
  <testcase name="vertify_login" time="5.494" classname="Test.Test02"/>
</testsuite> <!-- Test.Test02 -->
