<?xml version="1.0" encoding="UTF-8"?>
<!-- Generated by org.testng.reporters.JUnitReportReporter -->
<testsuite skipped="0" hostname="LAPTOP-1JDHC0U4" name="runner.TestNGRunner" tests="1" failures="0" timestamp="08 Sep 2025 13:37:14 GMT" time="4.076" errors="0">
  <testcase name="runScenario" time="4.076" classname="runner.TestNGRunner"/>
</testsuite> <!-- runner.TestNGRunner -->
