<?xml version="1.0" encoding="UTF-8"?>
<!-- Generated by org.testng.reporters.JUnitReportReporter -->
<testsuite skipped="0" hostname="LAPTOP-1JDHC0U4" name="runner.TestNGRunner" tests="1" failures="0" timestamp="20 Sep 2025 12:21:17 GMT" time="3.826" errors="0">
  <testcase name="runScenario" time="3.826" classname="runner.TestNGRunner"/>
</testsuite> <!-- runner.TestNGRunner -->
