<?xml version="1.0" encoding="UTF-8"?>
<!-- Generated by org.testng.reporters.JUnitReportReporter -->
<testsuite skipped="0" hostname="LAPTOP-1JDHC0U4" name="Test.Test01" tests="3" failures="0" timestamp="11 Sep 2025 12:04:49 GMT" time="2.075" errors="0">
  <testcase name="vertify_title" time="0.213" classname="Test.Test01"/>
  <testcase name="vertify_email" time="0.145" classname="Test.Test01"/>
  <testcase name="click_scribe" time="1.717" classname="Test.Test01"/>
</testsuite> <!-- Test.Test01 -->
