<?xml version="1.0" encoding="UTF-8"?>
<!-- Generated by org.testng.reporters.JUnitReportReporter -->
<testsuite skipped="0" hostname="LAPTOP-1JDHC0U4" name="Test.Test02" tests="4" failures="0" timestamp="10 Sep 2025 11:57:37 GMT" time="8.827" errors="0">
  <testcase name="vertify_login_page" time="0.769" classname="Test.Test02"/>
  <testcase name="vertify_login" time="3.887" classname="Test.Test02"/>
  <testcase name="vertify_login" time="3.820" classname="Test.Test02"/>
  <testcase name="vertify_invalid_email" time="0.351" classname="Test.Test02"/>
</testsuite> <!-- Test.Test02 -->
