<?xml version="1.0" encoding="UTF-8"?>
<!-- Generated by org.testng.reporters.JUnitReportReporter -->
<testsuite skipped="0" hostname="LAPTOP-1JDHC0U4" name="Test.Test02" tests="4" failures="0" timestamp="20 Sep 2025 12:21:17 GMT" time="11.426" errors="0">
  <testcase name="vertify_login_page" time="0.970" classname="Test.Test02"/>
  <testcase name="vertify_login" time="4.053" classname="Test.Test02"/>
  <testcase name="vertify_login" time="6.011" classname="Test.Test02"/>
  <testcase name="vertify_invalid_email" time="0.392" classname="Test.Test02"/>
</testsuite> <!-- Test.Test02 -->
