<?xml version="1.0" encoding="UTF-8"?>
<!-- Generated by org.testng.reporters.JUnitReportReporter -->
<testsuite skipped="0" hostname="LAPTOP-1JDHC0U4" name="org.example.Test.Test01" tests="3" failures="0" timestamp="07 Sep 2025 13:14:35 GMT" time="2.246" errors="0">
  <testcase name="vertify_title" time="0.210" classname="org.example.Test.Test01"/>
  <testcase name="vertify_email" time="0.151" classname="org.example.Test.Test01"/>
  <testcase name="click_scribe" time="1.885" classname="org.example.Test.Test01"/>
</testsuite> <!-- org.example.Test.Test01 -->
